[06/15/2022 9:35:20 PM] LittleOBean tried to place a lectern!
[06/15/2022 9:35:22 PM] LittleOBean tried to place a lectern!
[06/15/2022 9:35:37 PM] LittleOBean tried to place a lectern!
[06/15/2022 9:35:46 PM] LittleOBean tried to place a lectern!
[06/15/2022 9:37:00 PM] LittleOBean tried to place a lectern!
[06/16/2022 12:33:07 AM] XXSANSLAYERXX tried to place a lectern!
[06/16/2022 12:33:10 AM] XXSANSLAYERXX tried to place a lectern!
[06/16/2022 12:33:10 AM] XXSANSLAYERXX tried to place a lectern!
[06/16/2022 12:45:39 AM] XXSANSLAYERXX tried to place a lectern!
[06/16/2022 12:45:39 AM] XXSANSLAYERXX tried to place a lectern!
[06/16/2022 12:45:40 AM] XXSANSLAYERXX tried to place a lectern!
[06/16/2022 12:45:40 AM] XXSANSLAYERXX tried to place a lectern!
[06/16/2022 12:45:41 AM] XXSANSLAYERXX tried to place a lectern!
[06/16/2022 1:55:47 AM] Witherably tried to place a lectern!
[06/16/2022 1:55:48 AM] Witherably tried to place a lectern!
[06/16/2022 1:55:49 AM] Witherably tried to place a lectern!
[06/16/2022 1:55:49 AM] Witherably tried to place a lectern!
[06/16/2022 1:55:49 AM] Witherably tried to place a lectern!
[06/16/2022 1:55:50 AM] Witherably tried to place a lectern!
[06/16/2022 1:55:50 AM] Witherably tried to place a lectern!
[06/16/2022 1:55:50 AM] Witherably tried to place a lectern!
[06/16/2022 1:55:50 AM] Witherably tried to place a lectern!
[06/16/2022 1:55:50 AM] Witherably tried to place a lectern!
[06/16/2022 1:55:51 AM] Witherably tried to place a lectern!
[06/16/2022 1:55:51 AM] Witherably tried to place a lectern!
[06/16/2022 1:55:51 AM] Witherably tried to place a lectern!
[06/16/2022 1:55:51 AM] Witherably tried to place a lectern!
[06/16/2022 1:55:51 AM] Witherably tried to place a lectern!
[06/16/2022 1:55:52 AM] Witherably tried to place a lectern!
[06/16/2022 1:56:05 AM] Witherably tried to place a lectern!
[06/16/2022 1:56:06 AM] Witherably tried to place a lectern!
[06/16/2022 1:56:06 AM] Witherably tried to place a lectern!
[06/16/2022 1:56:06 AM] Witherably tried to place a lectern!
[06/16/2022 1:56:07 AM] Witherably tried to place a lectern!
[06/16/2022 1:56:07 AM] Witherably tried to place a lectern!
[06/16/2022 1:56:07 AM] Witherably tried to place a lectern!
[06/16/2022 1:56:07 AM] Witherably tried to place a lectern!
[06/16/2022 1:56:07 AM] Witherably tried to place a lectern!
[06/16/2022 1:56:08 AM] Witherably tried to place a lectern!
[06/16/2022 1:56:08 AM] Witherably tried to place a lectern!
[06/16/2022 3:58:12 AM] GodzillaFan12 tried to place a lectern!
[06/16/2022 3:58:13 AM] GodzillaFan12 tried to place a lectern!
[06/16/2022 3:58:14 AM] GodzillaFan12 tried to place a lectern!
[06/16/2022 7:59:41 PM] MueJr tried to place a lectern!
[06/16/2022 7:59:44 PM] MueJr tried to place a lectern!
[06/16/2022 7:59:44 PM] MueJr tried to place a lectern!
[06/16/2022 7:59:45 PM] MueJr tried to place a lectern!
[06/16/2022 7:59:45 PM] MueJr tried to place a lectern!
[06/16/2022 8:03:54 PM] Bluaza_yt tried to place a lectern!
[06/17/2022 7:31:33 PM] TDawgRex tried to place a lectern!
